<?xml version="1.0" encoding="UTF-8"?>
<testsuite name="emil.dobrev.roadpal.serviceTest.RatingServiceTest" tests="1" skipped="0" failures="0" errors="0" timestamp="2025-05-15T17:14:14.674Z" hostname="SIT-SMBP-HG12WY" time="0.143">
  <properties/>
  <testcase name="should update rating when user provides a new rating()" classname="emil.dobrev.roadpal.serviceTest.RatingServiceTest" time="0.143"/>
  <system-out><![CDATA[]]></system-out>
  <system-err><![CDATA[]]></system-err>
</testsuite>
