<?xml version="1.0" encoding="UTF-8"?>
<testsuite name="emil.dobrev.roadpal.RoadpalApplicationTests" tests="1" skipped="0" failures="0" errors="0" timestamp="2025-05-15T17:14:14.258Z" hostname="SIT-SMBP-HG12WY" time="0.413">
  <properties/>
  <testcase name="contextLoads()" classname="emil.dobrev.roadpal.RoadpalApplicationTests" time="0.413"/>
  <system-out><![CDATA[19:14:12.368 [Test worker] INFO org.springframework.test.context.support.AnnotationConfigContextLoaderUtils -- Could not detect default configuration classes for test class [emil.dobrev.roadpal.RoadpalApplicationTests]: RoadpalApplicationTests does not declare any static, non-private, non-final, nested classes annotated with @Configuration.
19:14:12.409 [Test worker] INFO org.springframework.boot.test.context.SpringBootTestContextBootstrapper -- Found @SpringBootConfiguration emil.dobrev.roadpal.RoadpalApplication for test class emil.dobrev.roadpal.RoadpalApplicationTests

  .   ____          _            __ _ _
 /\\ / ___'_ __ _ _(_)_ __  __ _ \ \ \ \
( ( )\___ | '_ | '_| | '_ \/ _` | \ \ \ \
 \\/  ___)| |_)| | | | | || (_| |  ) ) ) )
  '  |____| .__|_| |_|_| |_\__, | / / / /
 =========|_|==============|___/=/_/_/_/

 :: Spring Boot ::                (v3.4.5)

2025-05-15T19:14:12.552+02:00  INFO 29930 --- [roadpal] [    Test worker] e.d.roadpal.RoadpalApplicationTests      : Starting RoadpalApplicationTests using Java 21.0.5 with PID 29930 (started by dobrevem in /Users/dobrevem/roadpal/BE)
2025-05-15T19:14:12.553+02:00  INFO 29930 --- [roadpal] [    Test worker] e.d.roadpal.RoadpalApplicationTests      : The following 1 profile is active: "dev"
2025-05-15T19:14:12.861+02:00  INFO 29930 --- [roadpal] [    Test worker] .s.d.r.c.RepositoryConfigurationDelegate : Bootstrapping Spring Data MongoDB repositories in DEFAULT mode.
2025-05-15T19:14:12.884+02:00  INFO 29930 --- [roadpal] [    Test worker] .s.d.r.c.RepositoryConfigurationDelegate : Finished Spring Data repository scanning in 21 ms. Found 7 MongoDB repository interfaces.
2025-05-15T19:14:13.157+02:00  INFO 29930 --- [roadpal] [    Test worker] org.mongodb.driver.client                : MongoClient with metadata {"driver": {"name": "mongo-java-driver|sync|spring-boot", "version": "5.2.1"}, "os": {"type": "Darwin", "name": "Mac OS X", "architecture": "aarch64", "version": "14.3"}, "platform": "Java/Eclipse Adoptium/21.0.5+11-LTS"} created with settings MongoClientSettings{readPreference=primary, writeConcern=WriteConcern{w=null, wTimeout=null ms, journal=null}, retryWrites=true, retryReads=true, readConcern=ReadConcern{level=null}, credential=MongoCredential{mechanism=null, userName='admin', source='admin', password=<hidden>, mechanismProperties=<hidden>}, transportSettings=null, commandListeners=[], codecRegistry=ProvidersCodecRegistry{codecProviders=[ValueCodecProvider{}, BsonValueCodecProvider{}, DBRefCodecProvider{}, DBObjectCodecProvider{}, DocumentCodecProvider{}, CollectionCodecProvider{}, IterableCodecProvider{}, MapCodecProvider{}, GeoJsonCodecProvider{}, GridFSFileCodecProvider{}, Jsr310CodecProvider{}, JsonObjectCodecProvider{}, BsonCodecProvider{}, EnumCodecProvider{}, com.mongodb.client.model.mql.ExpressionCodecProvider@432c0f1, com.mongodb.Jep395RecordCodecProvider@37bda983, com.mongodb.KotlinCodecProvider@284d4885]}, loggerSettings=LoggerSettings{maxDocumentLength=1000}, clusterSettings={hosts=[localhost:27017], srvServiceName=mongodb, mode=SINGLE, requiredClusterType=UNKNOWN, requiredReplicaSetName='null', serverSelector='null', clusterListeners='[]', serverSelectionTimeout='30000 ms', localThreshold='15 ms'}, socketSettings=SocketSettings{connectTimeoutMS=10000, readTimeoutMS=0, receiveBufferSize=0, proxySettings=ProxySettings{host=null, port=null, username=null, password=null}}, heartbeatSocketSettings=SocketSettings{connectTimeoutMS=10000, readTimeoutMS=10000, receiveBufferSize=0, proxySettings=ProxySettings{host=null, port=null, username=null, password=null}}, connectionPoolSettings=ConnectionPoolSettings{maxSize=100, minSize=0, maxWaitTimeMS=120000, maxConnectionLifeTimeMS=0, maxConnectionIdleTimeMS=0, maintenanceInitialDelayMS=0, maintenanceFrequencyMS=60000, connectionPoolListeners=[], maxConnecting=2}, serverSettings=ServerSettings{heartbeatFrequencyMS=10000, minHeartbeatFrequencyMS=500, serverMonitoringMode=AUTO, serverListeners='[]', serverMonitorListeners='[]'}, sslSettings=SslSettings{enabled=false, invalidHostNameAllowed=false, context=null}, applicationName='null', compressorList=[], uuidRepresentation=JAVA_LEGACY, serverApi=null, autoEncryptionSettings=null, dnsClient=null, inetAddressResolver=null, contextProvider=null, timeoutMS=null}
2025-05-15T19:14:13.168+02:00  INFO 29930 --- [roadpal] [localhost:27017] org.mongodb.driver.cluster               : Monitor thread successfully connected to server with description ServerDescription{address=localhost:27017, type=STANDALONE, cryptd=false, state=CONNECTED, ok=true, minWireVersion=0, maxWireVersion=21, maxDocumentSize=16777216, logicalSessionTimeoutMinutes=30, roundTripTimeNanos=8906959, minRoundTripTimeNanos=0}
2025-05-15T19:14:13.404+02:00  INFO 29930 --- [roadpal] [    Test worker] m.c.i.MongoPersistentEntityIndexResolver : GeoSpatialIndexed.bucketSize no longer supported by Mongo Client 5 or newer. Ignoring bucketSize for path location.
2025-05-15T19:14:13.409+02:00  INFO 29930 --- [roadpal] [    Test worker] m.c.i.MongoPersistentEntityIndexResolver : GeoSpatialIndexed.bucketSize no longer supported by Mongo Client 5 or newer. Ignoring bucketSize for path location.
2025-05-15T19:14:13.847+02:00  INFO 29930 --- [roadpal] [    Test worker] eAuthenticationProviderManagerConfigurer : Global AuthenticationManager configured with AuthenticationProvider bean with name userAuthenticationProvider
2025-05-15T19:14:13.848+02:00  WARN 29930 --- [roadpal] [    Test worker] r$InitializeUserDetailsManagerConfigurer : Global AuthenticationManager configured with an AuthenticationProvider bean. UserDetailsService beans will not be used by Spring Security for automatically configuring username/password login. Consider removing the AuthenticationProvider bean. Alternatively, consider using the UserDetailsService in a manually instantiated DaoAuthenticationProvider. If the current configuration is intentional, to turn off this warning, increase the logging level of 'org.springframework.security.config.annotation.authentication.configuration.InitializeUserDetailsBeanManagerConfigurer' to ERROR
2025-05-15T19:14:14.254+02:00  INFO 29930 --- [roadpal] [    Test worker] e.d.roadpal.RoadpalApplicationTests      : Started RoadpalApplicationTests in 1.799 seconds (process running for 2.247)
]]></system-out>
  <system-err><![CDATA[WARNING: A Java agent has been loaded dynamically (/Users/dobrevem/.gradle/caches/modules-2/files-2.1/net.bytebuddy/byte-buddy-agent/1.15.11/a38b16385e867f59a641330f0362ebe742788ed8/byte-buddy-agent-1.15.11.jar)
WARNING: If a serviceability tool is in use, please run with -XX:+EnableDynamicAgentLoading to hide this warning
WARNING: If a serviceability tool is not in use, please run with -Djdk.instrument.traceUsage for more information
WARNING: Dynamic loading of agents will be disallowed by default in a future release
]]></system-err>
</testsuite>
